BAlert/app/build/outputs/logs/manifest-merger-debug-report.txt
-- Merging decision tree log ---
manifest
ADDED from src/main/AndroidManifest.xml:2:1-117:12
	package
		ADDED from src/main/AndroidManifest.xml:3:5-30
		INJECTED from src/main/AndroidManifest.xml
		INJECTED from src/main/AndroidManifest.xml
	android:versionName
		ADDED from src/main/AndroidManifest.xml:5:5-30
		INJECTED from src/main/AndroidManifest.xml
		INJECTED from src/main/AndroidManifest.xml
	android:versionCode
		ADDED from src/main/AndroidManifest.xml:4:5-28
		INJECTED from src/main/AndroidManifest.xml
		INJECTED from src/main/AndroidManifest.xml
	xmlns:android
		ADDED from src/main/AndroidManifest.xml:2:11-69
uses-sdk
ADDED from src/main/AndroidManifest.xml:7:5-9:41
MERGED from [com.android.volley:volley:1.0.0] AndroidManifest.xml:7:5-43
	android:targetSdkVersion
		ADDED from src/main/AndroidManifest.xml:9:9-38
		INJECTED from src/main/AndroidManifest.xml
		INJECTED from src/main/AndroidManifest.xml
	android:minSdkVersion
		ADDED from src/main/AndroidManifest.xml:8:9-34
		INJECTED from src/main/AndroidManifest.xml
		INJECTED from src/main/AndroidManifest.xml
uses-feature#android.hardware.location.gps
ADDED from src/main/AndroidManifest.xml:11:5-13:35
	android:required
		ADDED from src/main/AndroidManifest.xml:13:9-32
	android:name
		ADDED from src/main/AndroidManifest.xml:12:9-53
uses-feature#android.hardware.camera
ADDED from src/main/AndroidManifest.xml:14:5-16:36
	android:required
		ADDED from src/main/AndroidManifest.xml:16:9-33
	android:name
		ADDED from src/main/AndroidManifest.xml:15:9-47
uses-permission#android.permission.SEND_SMS
ADDED from src/main/AndroidManifest.xml:18:5-67
	android:name
		ADDED from src/main/AndroidManifest.xml:18:22-64
uses-permission#android.permission.RECEIVE_SMS
ADDED from src/main/AndroidManifest.xml:19:5-70
	android:name
		ADDED from src/main/AndroidManifest.xml:19:22-67
uses-permission#android.permission.ACCESS_FINE_LOCATION
ADDED from src/main/AndroidManifest.xml:20:5-79
	android:name
		ADDED from src/main/AndroidManifest.xml:20:22-76
uses-permission#android.permission.ACCESS_COARSE_LOCATION
ADDED from src/main/AndroidManifest.xml:21:5-81
	android:name
		ADDED from src/main/AndroidManifest.xml:21:22-78
uses-permission#android.permission.INTERNET
ADDED from src/main/AndroidManifest.xml:22:5-67
	android:name
		ADDED from src/main/AndroidManifest.xml:22:22-64
uses-permission#android.permission.RECEIVE_BOOT_COMPLETED
ADDED from src/main/AndroidManifest.xml:23:5-81
	android:name
		ADDED from src/main/AndroidManifest.xml:23:22-78
uses-permission#android.permission.BATTERY_STATS
ADDED from src/main/AndroidManifest.xml:24:5-72
	android:name
		ADDED from src/main/AndroidManifest.xml:24:22-69
uses-permission#android.permission.VIBRATE
ADDED from src/main/AndroidManifest.xml:25:5-66
	android:name
		ADDED from src/main/AndroidManifest.xml:25:22-63
uses-permission#android.permission.CAMERA
ADDED from src/main/AndroidManifest.xml:26:5-65
	android:name
		ADDED from src/main/AndroidManifest.xml:26:22-62
uses-permission#android.permission.WRITE_EXTERNAL_STORAGE
ADDED from src/main/AndroidManifest.xml:27:5-81
	android:name
		ADDED from src/main/AndroidManifest.xml:27:22-78
uses-permission#android.permission.READ_PHONE_STATE
ADDED from src/main/AndroidManifest.xml:28:5-75
	android:name
		ADDED from src/main/AndroidManifest.xml:28:22-72
uses-permission#android.permission.READ_EXTERNAL_STORAGE
ADDED from src/main/AndroidManifest.xml:29:5-80
	android:name
		ADDED from src/main/AndroidManifest.xml:29:22-77
application
ADDED from src/main/AndroidManifest.xml:31:5-115:19
MERGED from [com.android.volley:volley:1.0.0] AndroidManifest.xml:9:5-20
	android:label
		ADDED from src/main/AndroidManifest.xml:34:9-41
	android:allowBackup
		ADDED from src/main/AndroidManifest.xml:32:9-35
	android:icon
		ADDED from src/main/AndroidManifest.xml:33:9-41
	android:theme
		ADDED from src/main/AndroidManifest.xml:35:9-40
activity#com.balert.main.MainActivity
ADDED from src/main/AndroidManifest.xml:36:9-47:20
	android:screenOrientation
		ADDED from src/main/AndroidManifest.xml:41:13-49
	android:label
		ADDED from src/main/AndroidManifest.xml:40:13-45
	android:configChanges
		ADDED from src/main/AndroidManifest.xml:38:13-74
	android:icon
		ADDED from src/main/AndroidManifest.xml:39:13-45
	android:name
		ADDED from src/main/AndroidManifest.xml:37:13-41
intent-filter#android.intent.action.MAIN+android.intent.category.LAUNCHER
ADDED from src/main/AndroidManifest.xml:42:13-46:29
action#android.intent.action.MAIN
ADDED from src/main/AndroidManifest.xml:43:17-69
	android:name
		ADDED from src/main/AndroidManifest.xml:43:25-66
category#android.intent.category.LAUNCHER
ADDED from src/main/AndroidManifest.xml:45:17-77
	android:name
		ADDED from src/main/AndroidManifest.xml:45:27-74
activity#com.balert.main.About
ADDED from src/main/AndroidManifest.xml:48:9-51:59
	android:screenOrientation
		ADDED from src/main/AndroidManifest.xml:50:13-49
	android:theme
		ADDED from src/main/AndroidManifest.xml:51:13-56
	android:name
		ADDED from src/main/AndroidManifest.xml:49:13-34
activity#com.balert.main.MainMenusActivity
ADDED from src/main/AndroidManifest.xml:52:9-54:48
	android:icon
		ADDED from src/main/AndroidManifest.xml:54:13-45
	android:name
		ADDED from src/main/AndroidManifest.xml:53:13-46
activity#com.balert.main.ViewStudentActivity
ADDED from src/main/AndroidManifest.xml:55:9-57:52
	android:screenOrientation
		ADDED from src/main/AndroidManifest.xml:57:13-49
	android:name
		ADDED from src/main/AndroidManifest.xml:56:13-48
activity#com.balert.main.UpdateStudentActivity
ADDED from src/main/AndroidManifest.xml:58:9-61:52
	android:screenOrientation
		ADDED from src/main/AndroidManifest.xml:61:13-49
	android:label
		ADDED from src/main/AndroidManifest.xml:60:13-49
	android:name
		ADDED from src/main/AndroidManifest.xml:59:13-50
activity#com.balert.main.AddStudentActivity
ADDED from src/main/AndroidManifest.xml:62:9-66:61
	android:screenOrientation
		ADDED from src/main/AndroidManifest.xml:66:13-49
	android:label
		ADDED from src/main/AndroidManifest.xml:65:13-64
	android:icon
		ADDED from src/main/AndroidManifest.xml:64:13-41
	android:name
		ADDED from src/main/AndroidManifest.xml:63:13-47
activity#com.balert.main.UpdateAuthorityContactActivity
ADDED from src/main/AndroidManifest.xml:67:9-70:68
	android:screenOrientation
		ADDED from src/main/AndroidManifest.xml:69:13-49
	android:theme
		ADDED from src/main/AndroidManifest.xml:70:13-56
	android:name
		ADDED from src/main/AndroidManifest.xml:68:13-59
activity#com.balert.main.SetSchoolLocationActivity
ADDED from src/main/AndroidManifest.xml:71:9-73:61
	android:screenOrientation
		ADDED from src/main/AndroidManifest.xml:73:13-49
	android:name
		ADDED from src/main/AndroidManifest.xml:72:13-54
activity#com.balert.main.EmergencyAlertsActivity
ADDED from src/main/AndroidManifest.xml:74:9-76:52
	android:screenOrientation
		ADDED from src/main/AndroidManifest.xml:76:13-49
	android:name
		ADDED from src/main/AndroidManifest.xml:75:13-52
activity#com.balert.main.DeleteStudentActivity
ADDED from src/main/AndroidManifest.xml:77:9-80:52
	android:screenOrientation
		ADDED from src/main/AndroidManifest.xml:80:13-49
	android:label
		ADDED from src/main/AndroidManifest.xml:79:13-49
	android:name
		ADDED from src/main/AndroidManifest.xml:78:13-50
activity#com.balert.main.ChangePasswordActivity
ADDED from src/main/AndroidManifest.xml:81:9-83:52
	android:screenOrientation
		ADDED from src/main/AndroidManifest.xml:83:13-49
	android:name
		ADDED from src/main/AndroidManifest.xml:82:13-51
activity#com.balert.main.LoginActivity
ADDED from src/main/AndroidManifest.xml:84:9-51
	android:name
		ADDED from src/main/AndroidManifest.xml:84:19-48
activity#com.balert.main.GetAddress
ADDED from src/main/AndroidManifest.xml:85:9-47
	android:name
		ADDED from src/main/AndroidManifest.xml:85:19-45
activity#com.balert.main.AuthortyContactView
ADDED from src/main/AndroidManifest.xml:86:9-66
	android:name
		ADDED from src/main/AndroidManifest.xml:86:19-54
activity#com.balert.main.AddAuthortyContacts
ADDED from src/main/AndroidManifest.xml:87:9-66
	android:name
		ADDED from src/main/AndroidManifest.xml:87:19-54
receiver#com.balert.main.MessageReciever
ADDED from src/main/AndroidManifest.xml:89:9-93:20
	android:name
		ADDED from src/main/AndroidManifest.xml:89:19-50
intent-filter#android.provider.Telephony.SMS_RECEIVED
ADDED from src/main/AndroidManifest.xml:90:13-92:29
	android:priority
		ADDED from src/main/AndroidManifest.xml:90:28-51
action#android.provider.Telephony.SMS_RECEIVED
ADDED from src/main/AndroidManifest.xml:91:17-82
	android:name
		ADDED from src/main/AndroidManifest.xml:91:25-79
receiver#com.balert.main.BootStartup
ADDED from src/main/AndroidManifest.xml:104:9-108:20
	android:name
		ADDED from src/main/AndroidManifest.xml:104:19-46
intent-filter#android.intent.action.BOOT_COMPLETED
ADDED from src/main/AndroidManifest.xml:105:13-107:29
action#android.intent.action.BOOT_COMPLETED
ADDED from src/main/AndroidManifest.xml:106:17-79
	android:name
		ADDED from src/main/AndroidManifest.xml:106:25-76
service#com.balert.main.MainAlertService
ADDED from src/main/AndroidManifest.xml:110:9-53
	android:name
		ADDED from src/main/AndroidManifest.xml:110:18-50
service#com.balert.main.TTS
ADDED from src/main/AndroidManifest.xml:111:9-114:47
	android:enabled
		ADDED from src/main/AndroidManifest.xml:113:13-35
	android:exported
		ADDED from src/main/AndroidManifest.xml:114:13-36
	android:name
		ADDED from src/main/AndroidManifest.xml:112:13-32